<?xml version="1.0" encoding="UTF-8"?>
<!-- Generated by org.testng.reporters.JUnitReportReporter -->
<testsuite hostname="WKWIN1052591" failures="0" tests="1" name="scripts.DriverScriptTest" time="12.947" errors="0" timestamp="19 Sep 2021 17:03:26 GMT">
  <testcase classname="scripts.DriverScriptTest" name="mainTest" time="12.947"/>
</testsuite> <!-- scripts.DriverScriptTest -->
