<?xml version="1.0" encoding="UTF-8"?>
<!-- Generated by org.testng.reporters.JUnitReportReporter -->
<testsuite hostname="WKWIN1052591" failures="0" tests="1" name="scripts.DriverScriptTest" time="7.389" errors="0" timestamp="2021-09-20T09:41:03 IST" skipped="0">
  <testcase classname="scripts.DriverScriptTest" name="mainTest" time="7.389"/>
  <system-out/>
</testsuite> <!-- scripts.DriverScriptTest -->
