<?xml version="1.0" encoding="UTF-8"?>
<!-- Generated by org.testng.reporters.JUnitReportReporter -->
<testsuite skipped="0" hostname="WKWIN1052591" name="testNGScripts.Begin" tests="4" failures="0" timestamp="2021-08-04T22:28:29 IST" time="0.017" errors="0">
  <testcase name="TestCase2" time="0.007" classname="testNGScripts.Begin"/>
  <system-out/>
  <testcase name="TestCase2" time="0.007" classname="testNGScripts.Begin"/>
  <system-out/>
  <testcase name="TestCase1" time="0.002" classname="testNGScripts.Begin"/>
  <system-out/>
  <testcase name="TestCase1" time="0.001" classname="testNGScripts.Begin"/>
  <system-out/>
</testsuite> <!-- testNGScripts.Begin -->
